<?xml version="1.0" encoding="UTF-8"?>
<!-- Generated by org.testng.reporters.JUnitReportReporter -->
<testsuite hostname="LAPTOP-SGBMHNP5" failures="0" tests="5" name="runner.TestRunner2" time="99.970" errors="0" timestamp="2024-01-18T19:18:01 IST" skipped="0">
  <testcase classname="runner.TestRunner2" name="runScenario" time="13.023"/>
  <system-out/>
  <testcase classname="runner.TestRunner2" name="runScenario" time="21.814"/>
  <system-out/>
  <testcase classname="runner.TestRunner2" name="runScenario" time="29.055"/>
  <system-out/>
  <testcase classname="runner.TestRunner2" name="runScenario" time="15.096"/>
  <system-out/>
  <testcase classname="runner.TestRunner2" name="runScenario" time="20.982"/>
  <system-out/>
</testsuite> <!-- runner.TestRunner2 -->
