<?xml version="1.0" encoding="UTF-8"?>
<!-- Generated by org.testng.reporters.JUnitReportReporter -->
<testsuite hostname="LAPTOP-SGBMHNP5" failures="0" tests="5" name="runner.TestRunner2" time="126.368" errors="0" timestamp="2024-01-18T13:43:29 IST" skipped="0">
  <testcase classname="runner.TestRunner2" name="runScenario" time="32.021"/>
  <system-out/>
  <testcase classname="runner.TestRunner2" name="runScenario" time="52.385"/>
  <system-out/>
  <testcase classname="runner.TestRunner2" name="runScenario" time="17.239"/>
  <system-out/>
  <testcase classname="runner.TestRunner2" name="runScenario" time="11.814"/>
  <system-out/>
  <testcase classname="runner.TestRunner2" name="runScenario" time="12.909"/>
  <system-out/>
</testsuite> <!-- runner.TestRunner2 -->
