<?xml version="1.0" encoding="UTF-8"?>
<!-- Generated by org.testng.reporters.JUnitReportReporter -->
<testsuite hostname="LAPTOP-SGBMHNP5" failures="0" tests="5" name="runner.TestRunner2" time="86.515" errors="0" timestamp="2024-01-18T12:52:50 IST" skipped="0">
  <testcase classname="runner.TestRunner2" name="runScenario" time="24.280"/>
  <system-out/>
  <testcase classname="runner.TestRunner2" name="runScenario" time="11.836"/>
  <system-out/>
  <testcase classname="runner.TestRunner2" name="runScenario" time="10.939"/>
  <system-out/>
  <testcase classname="runner.TestRunner2" name="runScenario" time="13.078"/>
  <system-out/>
  <testcase classname="runner.TestRunner2" name="runScenario" time="26.382"/>
  <system-out/>
</testsuite> <!-- runner.TestRunner2 -->
